#
# There is insufficient memory for the Java Runtime Environment to continue.
# Native memory allocation (malloc) failed to allocate 1856976 bytes for Chunk::new
# Possible reasons:
#   The system is out of physical RAM or swap space
#   In 32 bit mode, the process size limit was hit
# Possible solutions:
#   Reduce memory load on the system
#   Increase physical memory or swap space
#   Check if swap backing store is full
#   Use 64 bit Java on a 64 bit OS
#   Decrease Java heap size (-Xmx/-Xms)
#   Decrease number of Java threads
#   Decrease Java thread stack sizes (-Xss)
#   Set larger code cache with -XX:ReservedCodeCacheSize=
# This output file may be truncated or incomplete.
#
#  Out of Memory Error (allocation.cpp:390), pid=8784, tid=0x00000000000022a8
#
# JRE version: OpenJDK Runtime Environment (8.0_152-b12) (build 1.8.0_152-release-915-b12)
# Java VM: OpenJDK 64-Bit Server VM (25.152-b12 mixed mode windows-amd64 compressed oops)
# Failed to write core dump. Minidumps are not enabled by default on client versions of Windows
#

---------------  T H R E A D  ---------------

Current thread (0x00000000156d2000):  JavaThread "C2 CompilerThread1" daemon [_thread_in_native, id=8872, stack(0x0000000016df0000,0x0000000016ef0000)]

Stack: [0x0000000016df0000,0x0000000016ef0000]
[error occurred during error reporting (printing stack bounds), id 0xc0000005]

Native frames: (J=compiled Java code, j=interpreted, Vv=VM code, C=native code)


Current CompileTask:
C2:  12422 4082       4       com.adobe.flash.compiler.internal.tree.as.IdentifierNode::resolveType (43 bytes)


---------------  P R O C E S S  ---------------

Java Threads: ( => current thread )
  0x000000001864b000 JavaThread "pool-1-thread-16" [_thread_blocked, id=9004, stack(0x000000001a2c0000,0x000000001a3c0000)]
  0x000000001864a800 JavaThread "pool-1-thread-15" [_thread_blocked, id=8516, stack(0x000000001a1c0000,0x000000001a2c0000)]
  0x0000000018649800 JavaThread "pool-1-thread-14" [_thread_blocked, id=3556, stack(0x000000001a0c0000,0x000000001a1c0000)]
  0x0000000018649000 JavaThread "pool-1-thread-7" [_thread_blocked, id=8940, stack(0x0000000019fc0000,0x000000001a0c0000)]
  0x000000001864d800 JavaThread "pool-1-thread-13" [_thread_blocked, id=9160, stack(0x0000000019ec0000,0x0000000019fc0000)]
  0x000000001864e800 JavaThread "pool-1-thread-12" [_thread_blocked, id=5144, stack(0x0000000019dc0000,0x0000000019ec0000)]
  0x000000001864d000 JavaThread "pool-1-thread-11" [_thread_in_Java, id=7868, stack(0x0000000019cc0000,0x0000000019dc0000)]
  0x000000001864f000 JavaThread "pool-1-thread-10" [_thread_blocked, id=5664, stack(0x0000000019bc0000,0x0000000019cc0000)]
  0x0000000018650000 JavaThread "pool-1-thread-9" [_thread_blocked, id=9088, stack(0x0000000019ac0000,0x0000000019bc0000)]
  0x00000000185f3000 JavaThread "pool-1-thread-8" [_thread_blocked, id=9056, stack(0x00000000199c0000,0x0000000019ac0000)]
  0x00000000185f0800 JavaThread "pool-1-thread-6" [_thread_blocked, id=5284, stack(0x00000000198c0000,0x00000000199c0000)]
  0x00000000187ac000 JavaThread "pool-1-thread-5" [_thread_blocked, id=8840, stack(0x00000000197c0000,0x00000000198c0000)]
  0x0000000018151000 JavaThread "pool-1-thread-4" [_thread_blocked, id=8788, stack(0x00000000194c0000,0x00000000195c0000)]
  0x0000000017b4a000 JavaThread "pool-1-thread-3" [_thread_blocked, id=9176, stack(0x00000000193c0000,0x00000000194c0000)]
  0x0000000017c6b000 JavaThread "pool-1-thread-2" [_thread_blocked, id=5368, stack(0x00000000192c0000,0x00000000193c0000)]
  0x0000000017207000 JavaThread "pool-1-thread-1" [_thread_blocked, id=8592, stack(0x00000000177f0000,0x00000000178f0000)]
  0x0000000017211800 JavaThread "com.google.common.base.internal.Finalizer" daemon [_thread_blocked, id=8996, stack(0x00000000176f0000,0x00000000177f0000)]
  0x00000000171e8800 JavaThread "com.google.common.base.internal.Finalizer" daemon [_thread_blocked, id=8476, stack(0x00000000175f0000,0x00000000176f0000)]
  0x000000001571e800 JavaThread "Service Thread" daemon [_thread_blocked, id=7488, stack(0x00000000173f0000,0x00000000174f0000)]
  0x00000000156d5000 JavaThread "C1 CompilerThread2" daemon [_thread_blocked, id=8908, stack(0x0000000016ef0000,0x0000000016ff0000)]
=>0x00000000156d2000 JavaThread "C2 CompilerThread1" daemon [_thread_in_native, id=8872, stack(0x0000000016df0000,0x0000000016ef0000)]
  0x00000000156c9800 JavaThread "C2 CompilerThread0" daemon [_thread_in_native, id=9100, stack(0x0000000016cf0000,0x0000000016df0000)]
  0x00000000156c8000 JavaThread "Attach Listener" daemon [_thread_blocked, id=8848, stack(0x0000000016bf0000,0x0000000016cf0000)]
  0x00000000156c5000 JavaThread "Signal Dispatcher" daemon [_thread_blocked, id=4240, stack(0x0000000016af0000,0x0000000016bf0000)]
  0x0000000002fed000 JavaThread "Finalizer" daemon [_thread_blocked, id=8956, stack(0x0000000016910000,0x0000000016a10000)]
  0x0000000002fe1800 JavaThread "Reference Handler" daemon [_thread_blocked, id=9172, stack(0x0000000016810000,0x0000000016910000)]
  0x0000000002ef2800 JavaThread "main" [_thread_blocked, id=6784, stack(0x0000000002a80000,0x0000000002b80000)]

Other Threads:
  0x0000000015686800 VMThread [stack: 0x0000000016710000,0x0000000016810000] [id=8780]
  0x0000000017022800 WatcherThread [stack: 0x00000000174f0000,0x00000000175f0000] [id=8384]

VM state:not at safepoint (normal execution)

VM Mutex/Monitor currently owned by a thread: None

Heap:
 PSYoungGen      total 79872K, used 13847K [0x00000000eab00000, 0x00000000f4700000, 0x0000000100000000)
  eden space 66560K, 8% used [0x00000000eab00000,0x00000000eb04def0,0x00000000eec00000)
  from space 13312K, 63% used [0x00000000eec00000,0x00000000ef4380c0,0x00000000ef900000)
  to   space 13312K, 0% used [0x00000000f3a00000,0x00000000f3a00000,0x00000000f4700000)
 ParOldGen       total 87552K, used 26672K [0x00000000c0000000, 0x00000000c5580000, 0x00000000eab00000)
  object space 87552K, 30% used [0x00000000c0000000,0x00000000c1a0c110,0x00000000c5580000)
 Metaspace       used 16342K, capacity 16422K, committed 16512K, reserved 1064960K
  class space    used 1803K, capacity 1847K, committed 1920K, reserved 1048576K

Card table byte_map: [0x00000000123b0000,0x00000000125c0000] byte_map_base: 0x0000000011db0000

Marking Bits: (ParMarkBitMap*) 0x0000000074303950
 Begin Bits: [0x0000000012b20000, 0x0000000013b20000)
 End Bits:   [0x0000000013b20000, 0x0000000014b20000)

Polling page: 0x0000000002a60000

CodeCache: size=245760Kb used=13084Kb max_used=13527Kb free=232676Kb
 bounds [0x0000000002ff0000, 0x0000000003d40000, 0x0000000011ff0000]
 total_blobs=4068 nmethods=3742 adapters=236
 compilation: enabled

Compilation events (10 events):
Event: 12.393 Thread 0x00000000156d5000 4308       3       com.adobe.flash.compiler.internal.as.codegen.ABCGeneratingReducer::transform_constant_value (153 bytes)
Event: 12.394 Thread 0x00000000156d5000 nmethod 4308 0x00000000032e9750 code [0x00000000032e9a20, 0x00000000032eb018]
Event: 12.394 Thread 0x00000000156d5000 4306       3       com.google.common.collect.CustomConcurrentHashMap$Strength$3::referenceValue (10 bytes)
Event: 12.395 Thread 0x00000000156d5000 nmethod 4306 0x0000000003313690 code [0x0000000003313820, 0x0000000003313bb8]
Event: 12.401 Thread 0x00000000156d5000 4315       2       sun.misc.FloatingDecimal$ASCIIToBinaryBuffer::doubleValue (1194 bytes)
Event: 12.404 Thread 0x00000000156d5000 nmethod 4315 0x00000000032f1e90 code [0x00000000032f2220, 0x00000000032f3238]
Event: 12.415 Thread 0x00000000156d5000 4317       1       com.adobe.flash.compiler.internal.as.codegen.CmcEmitter$JBurgAnnotation_CatchID_2::getArity (2 bytes)
Event: 12.415 Thread 0x00000000156d5000 nmethod 4317 0x00000000031eb150 code [0x00000000031eb2a0, 0x00000000031eb3b0]
Event: 12.418 Thread 0x00000000156d5000 4318       2       com.adobe.flash.compiler.internal.as.codegen.CmcEmitter$JBurgAnnotation_VoidID_0::getCost (107 bytes)
Event: 12.418 Thread 0x00000000156d5000 nmethod 4318 0x0000000003255a90 code [0x0000000003255c00, 0x0000000003255e50]

GC Heap History (10 events):
Event: 9.070 GC heap before
{Heap before GC invocations=3 (full 0):
 PSYoungGen      total 38400K, used 38377K [0x00000000eab00000, 0x00000000ed580000, 0x0000000100000000)
  eden space 33280K, 100% used [0x00000000eab00000,0x00000000ecb80000,0x00000000ecb80000)
  from space 5120K, 99% used [0x00000000ed080000,0x00000000ed57a620,0x00000000ed580000)
  to   space 5120K, 0% used [0x00000000ecb80000,0x00000000ecb80000,0x00000000ed080000)
 ParOldGen       total 87552K, used 8326K [0x00000000c0000000, 0x00000000c5580000, 0x00000000eab00000)
  object space 87552K, 9% used [0x00000000c0000000,0x00000000c0821ab0,0x00000000c5580000)
 Metaspace       used 14544K, capacity 14624K, committed 14848K, reserved 1062912K
  class space    used 1770K, capacity 1782K, committed 1792K, reserved 1048576K
Event: 9.094 GC heap after
Heap after GC invocations=3 (full 0):
 PSYoungGen      total 38400K, used 5101K [0x00000000eab00000, 0x00000000ed580000, 0x0000000100000000)
  eden space 33280K, 0% used [0x00000000eab00000,0x00000000eab00000,0x00000000ecb80000)
  from space 5120K, 99% used [0x00000000ecb80000,0x00000000ed07b550,0x00000000ed080000)
  to   space 5120K, 0% used [0x00000000ed080000,0x00000000ed080000,0x00000000ed580000)
 ParOldGen       total 87552K, used 15621K [0x00000000c0000000, 0x00000000c5580000, 0x00000000eab00000)
  object space 87552K, 17% used [0x00000000c0000000,0x00000000c0f414c0,0x00000000c5580000)
 Metaspace       used 14544K, capacity 14624K, committed 14848K, reserved 1062912K
  class space    used 1770K, capacity 1782K, committed 1792K, reserved 1048576K
}
Event: 10.166 GC heap before
{Heap before GC invocations=4 (full 0):
 PSYoungGen      total 38400K, used 38381K [0x00000000eab00000, 0x00000000ed580000, 0x0000000100000000)
  eden space 33280K, 100% used [0x00000000eab00000,0x00000000ecb80000,0x00000000ecb80000)
  from space 5120K, 99% used [0x00000000ecb80000,0x00000000ed07b550,0x00000000ed080000)
  to   space 5120K, 0% used [0x00000000ed080000,0x00000000ed080000,0x00000000ed580000)
 ParOldGen       total 87552K, used 15621K [0x00000000c0000000, 0x00000000c5580000, 0x00000000eab00000)
  object space 87552K, 17% used [0x00000000c0000000,0x00000000c0f414c0,0x00000000c5580000)
 Metaspace       used 15302K, capacity 15424K, committed 15744K, reserved 1062912K
  class space    used 1782K, capacity 1814K, committed 1920K, reserved 1048576K
Event: 10.192 GC heap after
Heap after GC invocations=4 (full 0):
 PSYoungGen      total 38400K, used 5117K [0x00000000eab00000, 0x00000000ef600000, 0x0000000100000000)
  eden space 33280K, 0% used [0x00000000eab00000,0x00000000eab00000,0x00000000ecb80000)
  from space 5120K, 99% used [0x00000000ed080000,0x00000000ed57f540,0x00000000ed580000)
  to   space 5120K, 0% used [0x00000000ecb80000,0x00000000ecb80000,0x00000000ed080000)
 ParOldGen       total 87552K, used 20077K [0x00000000c0000000, 0x00000000c5580000, 0x00000000eab00000)
  object space 87552K, 22% used [0x00000000c0000000,0x00000000c139b688,0x00000000c5580000)
 Metaspace       used 15302K, capacity 15424K, committed 15744K, reserved 1062912K
  class space    used 1782K, capacity 1814K, committed 1920K, reserved 1048576K
}
Event: 10.745 GC heap before
{Heap before GC invocations=5 (full 0):
 PSYoungGen      total 38400K, used 38397K [0x00000000eab00000, 0x00000000ef600000, 0x0000000100000000)
  eden space 33280K, 100% used [0x00000000eab00000,0x00000000ecb80000,0x00000000ecb80000)
  from space 5120K, 99% used [0x00000000ed080000,0x00000000ed57f540,0x00000000ed580000)
  to   space 5120K, 0% used [0x00000000ecb80000,0x00000000ecb80000,0x00000000ed080000)
 ParOldGen       total 87552K, used 20077K [0x00000000c0000000, 0x00000000c5580000, 0x00000000eab00000)
  object space 87552K, 22% used [0x00000000c0000000,0x00000000c139b688,0x00000000c5580000)
 Metaspace       used 15567K, capacity 15680K, committed 16000K, reserved 1062912K
  class space    used 1785K, capacity 1814K, committed 1920K, reserved 1048576K
Event: 10.762 GC heap after
Heap after GC invocations=5 (full 0):
 PSYoungGen      total 38400K, used 5088K [0x00000000eab00000, 0x00000000f0600000, 0x0000000100000000)
  eden space 33280K, 0% used [0x00000000eab00000,0x00000000eab00000,0x00000000ecb80000)
  from space 5120K, 99% used [0x00000000ecb80000,0x00000000ed078010,0x00000000ed080000)
  to   space 13312K, 0% used [0x00000000ef900000,0x00000000ef900000,0x00000000f0600000)
 ParOldGen       total 87552K, used 24028K [0x00000000c0000000, 0x00000000c5580000, 0x00000000eab00000)
  object space 87552K, 27% used [0x00000000c0000000,0x00000000c17770d0,0x00000000c5580000)
 Metaspace       used 15567K, capacity 15680K, committed 16000K, reserved 1062912K
  class space    used 1785K, capacity 1814K, committed 1920K, reserved 1048576K
}
Event: 11.307 GC heap before
{Heap before GC invocations=6 (full 0):
 PSYoungGen      total 38400K, used 38368K [0x00000000eab00000, 0x00000000f0600000, 0x0000000100000000)
  eden space 33280K, 100% used [0x00000000eab00000,0x00000000ecb80000,0x00000000ecb80000)
  from space 5120K, 99% used [0x00000000ecb80000,0x00000000ed078010,0x00000000ed080000)
  to   space 13312K, 0% used [0x00000000ef900000,0x00000000ef900000,0x00000000f0600000)
 ParOldGen       total 87552K, used 24028K [0x00000000c0000000, 0x00000000c5580000, 0x00000000eab00000)
  object space 87552K, 27% used [0x00000000c0000000,0x00000000c17770d0,0x00000000c5580000)
 Metaspace       used 15856K, capacity 15936K, committed 16256K, reserved 1062912K
  class space    used 1792K, capacity 1814K, committed 1920K, reserved 1048576K
Event: 11.339 GC heap after
Heap after GC invocations=6 (full 0):
 PSYoungGen      total 79872K, used 7860K [0x00000000eab00000, 0x00000000f0600000, 0x0000000100000000)
  eden space 66560K, 0% used [0x00000000eab00000,0x00000000eab00000,0x00000000eec00000)
  from space 13312K, 59% used [0x00000000ef900000,0x00000000f00ad380,0x00000000f0600000)
  to   space 13312K, 0% used [0x00000000eec00000,0x00000000eec00000,0x00000000ef900000)
 ParOldGen       total 87552K, used 24028K [0x00000000c0000000, 0x00000000c5580000, 0x00000000eab00000)
  object space 87552K, 27% used [0x00000000c0000000,0x00000000c17770d0,0x00000000c5580000)
 Metaspace       used 15856K, capacity 15936K, committed 16256K, reserved 1062912K
  class space    used 1792K, capacity 1814K, committed 1920K, reserved 1048576K
}
Event: 12.320 GC heap before
{Heap before GC invocations=7 (full 0):
 PSYoungGen      total 79872K, used 74420K [0x00000000eab00000, 0x00000000f0600000, 0x0000000100000000)
  eden space 66560K, 100% used [0x00000000eab00000,0x00000000eec00000,0x00000000eec00000)
  from space 13312K, 59% used [0x00000000ef900000,0x00000000f00ad380,0x00000000f0600000)
  to   space 13312K, 0% used [0x00000000eec00000,0x00000000eec00000,0x00000000ef900000)
 ParOldGen       total 87552K, used 24028K [0x00000000c0000000, 0x00000000c5580000, 0x00000000eab00000)
  object space 87552K, 27% used [0x00000000c0000000,0x00000000c17770d0,0x00000000c5580000)
 Metaspace       used 16326K, capacity 16416K, committed 16512K, reserved 1064960K
  class space    used 1803K, capacity 1846K, committed 1920K, reserved 1048576K
Event: 12.361 GC heap after
Heap after GC invocations=7 (full 0):
 PSYoungGen      total 79872K, used 8416K [0x00000000eab00000, 0x00000000f4700000, 0x0000000100000000)
  eden space 66560K, 0% used [0x00000000eab00000,0x00000000eab00000,0x00000000eec00000)
  from space 13312K, 63% used [0x00000000eec00000,0x00000000ef4380c0,0x00000000ef900000)
  to   space 13312K, 0% used [0x00000000f3a00000,0x00000000f3a00000,0x00000000f4700000)
 ParOldGen       total 87552K, used 26672K [0x00000000c0000000, 0x00000000c5580000, 0x00000000eab00000)
  object space 87552K, 30% used [0x00000000c0000000,0x00000000c1a0c110,0x00000000c5580000)
 Metaspace       used 16326K, capacity 16416K, committed 16512K, reserved 1064960K
  class space    used 1803K, capacity 1846K, committed 1920K, reserved 1048576K
}

Deoptimization events (10 events):
Event: 11.834 Thread 0x0000000018650000 Uncommon trap: reason=unloaded action=reinterpret pc=0x0000000003cc41cc method=com.adobe.flash.compiler.internal.as.codegen.CmcEmitter.getJBurgAnnotation(Lcom/adobe/flash/compiler/tree/as/IASNode;)Lcom/adobe/flash/compiler/internal/as/codegen/CmcEmitter$J
Event: 11.874 Thread 0x0000000017b4a000 Uncommon trap: reason=unstable_if action=reinterpret pc=0x0000000003b8ed18 method=com.adobe.flash.compiler.internal.definitions.TypeDefinitionBase$TypeIterator.push(Lcom/adobe/flash/compiler/definitions/ITypeDefinition;)V @ 10
Event: 11.877 Thread 0x00000000185f0800 Uncommon trap: reason=class_check action=maybe_recompile pc=0x000000000390f858 method=com.adobe.flash.compiler.internal.scopes.ASScope.findProperty(Lcom/adobe/flash/compiler/projects/ICompilerProject;Ljava/lang/String;Lcom/adobe/flash/compiler/common/Depe
Event: 11.878 Thread 0x00000000185f0800 Uncommon trap: reason=class_check action=maybe_recompile pc=0x000000000390f858 method=com.adobe.flash.compiler.internal.scopes.ASScope.findProperty(Lcom/adobe/flash/compiler/projects/ICompilerProject;Ljava/lang/String;Lcom/adobe/flash/compiler/common/Depe
Event: 11.898 Thread 0x00000000185f0800 Uncommon trap: reason=null_check action=make_not_entrant pc=0x000000000347a12c method=com.google.common.collect.AbstractMultimap.get(Ljava/lang/Object;)Ljava/util/Collection; @ 10
Event: 11.898 Thread 0x00000000185f0800 Uncommon trap: reason=unstable_if action=reinterpret pc=0x0000000003400dc4 method=com.google.common.collect.AbstractMultimap$WrappedCollection.refreshIfEmpty()V @ 45
Event: 11.910 Thread 0x0000000018649800 Uncommon trap: reason=unstable_if action=reinterpret pc=0x0000000003572f04 method=sun.nio.cs.UTF_8$Decoder.decode([BII[C)I @ 30
Event: 11.910 Thread 0x0000000018649800 Uncommon trap: reason=unstable_if action=reinterpret pc=0x000000000368b270 method=java.lang.StringCoding.safeTrim([CILjava/nio/charset/Charset;Z)[C @ 3
Event: 12.044 Thread 0x0000000017b4a000 Uncommon trap: reason=unstable_if action=reinterpret pc=0x0000000003932a0c method=com.adobe.flash.compiler.internal.semantics.SemanticUtils.getChildCount(Lcom/adobe/flash/compiler/tree/as/IASNode;)I @ 139
Event: 12.044 Thread 0x0000000017b4a000 Uncommon trap: reason=unstable_if action=reinterpret pc=0x000000000364be74 method=com.adobe.flash.compiler.internal.semantics.SemanticUtils.getNthChild(Lcom/adobe/flash/compiler/tree/as/IASNode;I)Lcom/adobe/flash/compiler/tree/as/IASNode; @ 128

Classes redefined (0 events):
No events

Internal exceptions (10 events):
Event: 3.335 Thread 0x0000000002ef2800 Exception <a 'java/security/PrivilegedActionException'> (0x00000000eb99db60) thrown at [C:\BuildAgent\work\d332137835c821ac\hotspot\src\share\vm\prims\jvm.cpp, line 1390]
Event: 3.924 Thread 0x0000000002ef2800 Implicit null exception at 0x0000000003390021 to 0x00000000033909b9
Event: 8.662 Thread 0x0000000018151000 Implicit null exception at 0x000000000344ce77 to 0x000000000344d5bd
Event: 8.933 Thread 0x00000000185f0800 Implicit null exception at 0x0000000003389f17 to 0x000000000338a36d
Event: 9.477 Thread 0x00000000185f0800 Implicit null exception at 0x000000000343f963 to 0x000000000343fb79
Event: 9.477 Thread 0x00000000185f0800 Implicit null exception at 0x000000000348f4d5 to 0x000000000348f6e1
Event: 9.480 Thread 0x00000000185f0800 Implicit null exception at 0x00000000031eb2af to 0x00000000031eb319
Event: 10.195 Thread 0x000000001864e800 Implicit null exception at 0x00000000038a7f77 to 0x00000000038a8261
Event: 10.211 Thread 0x000000001864e800 Implicit null exception at 0x000000000383f9e7 to 0x000000000383fa86
Event: 11.898 Thread 0x00000000185f0800 Implicit null exception at 0x0000000003479e46 to 0x000000000347a11d

Events (10 events):
Event: 12.415 Thread 0x00000000156d5000 flushing nmethod 0x0000000003658d10
Event: 12.415 Thread 0x00000000156d5000 flushing nmethod 0x000000000365b390
Event: 12.415 Thread 0x00000000156d5000 flushing nmethod 0x000000000365be10
Event: 12.415 Thread 0x00000000156d5000 flushing nmethod 0x000000000365c910
Event: 12.415 Thread 0x00000000156d5000 flushing nmethod 0x0000000003665f90
Event: 12.415 Thread 0x00000000156d5000 flushing nmethod 0x000000000366ca90
Event: 12.415 Thread 0x00000000156d5000 flushing nmethod 0x0000000003679d90
Event: 12.418 Thread 0x00000000156d5000 flushing nmethod 0x00000000036e2a10
Event: 12.418 Thread 0x00000000156d5000 flushing nmethod 0x000000000370f710
Event: 12.419 Executing VM operation: RevokeBias


Dynamic libraries:
0x000007f71fb80000 - 0x000007f71fbb1000 	A:\Program Files\JetBrains\IntelliJ IDEA 2017.2.5\jre64\bin\java.exe
0x000007ffa0cb0000 - 0x000007ffa0e6e000 	C:\Windows\SYSTEM32\ntdll.dll
0x000007ff9e710000 - 0x000007ff9e847000 	C:\Windows\system32\KERNEL32.DLL
0x000007ff9dcf0000 - 0x000007ff9dde4000 	C:\Windows\system32\KERNELBASE.dll
0x000007ff9e4a0000 - 0x000007ff9e57e000 	C:\Windows\system32\ADVAPI32.dll
0x000007ff9e280000 - 0x000007ff9e3cc000 	C:\Windows\system32\USER32.dll
0x000007ff9bc00000 - 0x000007ff9be6a000 	C:\Windows\WinSxS\amd64_microsoft.windows.common-controls_6595b64144ccf1df_6.0.9200.16579_none_418ab7ef718b27ef\COMCTL32.dll
0x000007ff9e3e0000 - 0x000007ff9e485000 	C:\Windows\system32\msvcrt.dll
0x000007ff9ecf0000 - 0x000007ff9ed38000 	C:\Windows\SYSTEM32\sechost.dll
0x000007ff9f170000 - 0x000007ff9f2b5000 	C:\Windows\system32\RPCRT4.dll
0x000007ff9f2c0000 - 0x000007ff9f401000 	C:\Windows\system32\GDI32.dll
0x000007ff9e630000 - 0x000007ff9e669000 	C:\Windows\system32\IMM32.DLL
0x000007ff9ea00000 - 0x000007ff9eb16000 	C:\Windows\system32\MSCTF.dll
0x0000000073a60000 - 0x0000000073b32000 	A:\Program Files\JetBrains\IntelliJ IDEA 2017.2.5\jre64\bin\msvcr100.dll
0x0000000073b40000 - 0x000000007437e000 	A:\Program Files\JetBrains\IntelliJ IDEA 2017.2.5\jre64\bin\server\jvm.dll
0x000007ff97020000 - 0x000007ff97029000 	C:\Windows\SYSTEM32\WSOCK32.dll
0x000007ff968c0000 - 0x000007ff968e0000 	C:\Windows\SYSTEM32\WINMM.dll
0x000007ff9b0b0000 - 0x000007ff9b0b9000 	C:\Windows\SYSTEM32\VERSION.dll
0x000007ff9f720000 - 0x000007ff9f727000 	C:\Windows\system32\PSAPI.DLL
0x000007ff9f960000 - 0x000007ff9f9b8000 	C:\Windows\system32\WS2_32.dll
0x000007ff964c0000 - 0x000007ff964f3000 	C:\Windows\SYSTEM32\WINMMBASE.dll
0x000007ff9e490000 - 0x000007ff9e499000 	C:\Windows\system32\NSI.dll
0x000007ff9dbf0000 - 0x000007ff9dc3f000 	C:\Windows\SYSTEM32\cfgmgr32.dll
0x000007ff9de70000 - 0x000007ff9de92000 	C:\Windows\system32\DEVOBJ.dll
0x000007ff97010000 - 0x000007ff9701f000 	A:\Program Files\JetBrains\IntelliJ IDEA 2017.2.5\jre64\bin\verify.dll
0x000007ff96a00000 - 0x000007ff96a29000 	A:\Program Files\JetBrains\IntelliJ IDEA 2017.2.5\jre64\bin\java.dll
0x000007ff969d0000 - 0x000007ff969e6000 	A:\Program Files\JetBrains\IntelliJ IDEA 2017.2.5\jre64\bin\zip.dll
0x000007ff9f9c0000 - 0x000007ffa0ca2000 	C:\Windows\system32\SHELL32.dll
0x000007ff9e850000 - 0x000007ff9ea00000 	C:\Windows\SYSTEM32\combase.dll
0x000007ff9eb30000 - 0x000007ff9eb80000 	C:\Windows\system32\SHLWAPI.dll
0x000007ff9c270000 - 0x000007ff9c306000 	C:\Windows\SYSTEM32\SHCORE.dll
0x000007ff9dbb0000 - 0x000007ff9dbc5000 	C:\Windows\system32\profapi.dll

VM Arguments:
jvm_args: -Dapplication.home=A:\Dropbox\SDK\Flex 4.6 + Air18 -Xmx384m -Dsun.io.useCanonCaches=false -Dfile.encoding=UTF-8 -Djava.awt.headless=true -Duser.language=en -Duser.region=en -Xmx1024m 
java_command: com.adobe.flash.compiler.clients.MXMLC -load-config=C:\Users\SenCheR\.IntelliJIdea2017.2\system\compile-server\test_7df36d8\_temp_\IntelliJ_IDEA\idea-BB115BA0-183C55A2-Test_Chances.xml -define=CONFIG::debug,false -define=CONFIG::performanceInstrumentation,false -swf-version=25
java_class_path (initial): A:\Dropbox\SDK\Flex 4.6 + Air18\lib\compiler.jar
Launcher Type: SUN_STANDARD

Environment Variables:
JAVA_HOME=c:\Program Files\Java\jdk1.8.0_111\jre
PATH=C:\ProgramData\Oracle\Java\javapath;C:\Program Files (x86)\AMD APP\bin\x86_64;C:\Program Files (x86)\AMD APP\bin\x86;C:\Program Files (x86)\Common Files\Intel\Shared Files\cpp\bin\Intel64;C:\Windows\system32;C:\Windows;C:\Windows\System32\Wbem;C:\Windows\System32\WindowsPowerShell\v1.0\;C:\Program Files (x86)\Common Files\Acronis\SnapAPI\;C:\Program Files (x86)\ATI Technologies\ATI.ACE\Core-Static;c:\Dropbox\SDK\Lua 5.31\;C:\Program Files (x86)\Microsoft SQL Server\100\Tools\Binn\;C:\Program Files (x86)\Microsoft SQL Server\100\DTS\Binn\;C:\Program Files (x86)\Common Files\Acronis\VirtualFile\;C:\Program Files (x86)\Common Files\Acronis\VirtualFile64\;A:\Program Files (x86)\Acronis\CommandLineTool\;C:\Program Files (x86)\NVIDIA Corporation\PhysX\Common;A:\Program Files (x86)\Livestreamer;A:\Program Files (x86)\HaXe 3.3\haxe\;A:\Program Files (x86)\HaXe 3.3\neko;A:\Program Files\nodejs\;C:\Program Files (x86)\Go1.7\bin;a:\Projects\Ant\apache-ant-1.9.7\bin;c:\Program Files\Java\jdk1.8.0_111\bin;C:\Program Files (x86)\GtkSharp\2.12\bin;C:\Program Files (x86)\GnuWin32\bin;A:\Program Files (x86)\Windows Kits\8.1\Windows Performance Toolkit\;C:\Program Files\Git\cmd;C:\Users\SenCheR\AppData\Roaming\npm
USERNAME=SenCheR
OS=Windows_NT
PROCESSOR_IDENTIFIER=Intel64 Family 6 Model 58 Stepping 9, GenuineIntel



---------------  S Y S T E M  ---------------

OS: Windows 8 , 64 bit Build 9200 (6.2.9200.16859)

CPU:total 4 (initial active 4) (2 cores per cpu, 2 threads per core) family 6 model 58 stepping 9, cmov, cx8, fxsr, mmx, sse, sse2, sse3, ssse3, sse4.1, sse4.2, popcnt, avx, clmul, erms, ht, tsc, tscinvbit, tscinv

Memory: 4k page, physical 8312788k(523088k free), swap 13432788k(6248k free)

vm_info: OpenJDK 64-Bit Server VM (25.152-b12) for windows-amd64 JRE (1.8.0_152-release-915-b12), built on Aug 30 2017 16:24:18 by "builduser" with MS VC++ 10.0 (VS2010)

time: Wed Aug 28 07:22:26 2019
elapsed time: 12 seconds (0d 0h 0m 12s)

