#
# There is insufficient memory for the Java Runtime Environment to continue.
# Native memory allocation (malloc) failed to allocate 1184576 bytes for Chunk::new
# Possible reasons:
#   The system is out of physical RAM or swap space
#   In 32 bit mode, the process size limit was hit
# Possible solutions:
#   Reduce memory load on the system
#   Increase physical memory or swap space
#   Check if swap backing store is full
#   Use 64 bit Java on a 64 bit OS
#   Decrease Java heap size (-Xmx/-Xms)
#   Decrease number of Java threads
#   Decrease Java thread stack sizes (-Xss)
#   Set larger code cache with -XX:ReservedCodeCacheSize=
# This output file may be truncated or incomplete.
#
#  Out of Memory Error (allocation.cpp:390), pid=8920, tid=0x000000000000216c
#
# JRE version: OpenJDK Runtime Environment (8.0_152-b12) (build 1.8.0_152-release-915-b12)
# Java VM: OpenJDK 64-Bit Server VM (25.152-b12 mixed mode windows-amd64 compressed oops)
# Failed to write core dump. Minidumps are not enabled by default on client versions of Windows
#

---------------  T H R E A D  ---------------

Current thread (0x0000000014f2b000):  JavaThread "C2 CompilerThread1" daemon [_thread_in_native, id=8556, stack(0x0000000016650000,0x0000000016750000)]

Stack: [0x0000000016650000,0x0000000016750000]
[error occurred during error reporting (printing stack bounds), id 0xc0000005]

Native frames: (J=compiled Java code, j=interpreted, Vv=VM code, C=native code)


Current CompileTask:
C2:  21558 4477       4       com.adobe.flash.compiler.internal.as.codegen.CmcEmitter::getJBurgAnnotation (2934 bytes)


---------------  P R O C E S S  ---------------

Java Threads: ( => current thread )
  0x0000000017dfc800 JavaThread "pool-1-thread-16" [_thread_blocked, id=1180, stack(0x0000000019b20000,0x0000000019c20000)]
  0x0000000017dfb800 JavaThread "pool-1-thread-15" [_thread_blocked, id=5932, stack(0x0000000019a20000,0x0000000019b20000)]
  0x0000000017dfb000 JavaThread "pool-1-thread-14" [_thread_in_native, id=5188, stack(0x0000000019920000,0x0000000019a20000)]
  0x0000000017df8800 JavaThread "pool-1-thread-13" [_thread_in_Java, id=4260, stack(0x0000000019820000,0x0000000019920000)]
  0x0000000017509000 JavaThread "pool-1-thread-12" [_thread_in_vm, id=5144, stack(0x0000000019720000,0x0000000019820000)]
  0x0000000017508800 JavaThread "pool-1-thread-11" [_thread_blocked, id=8828, stack(0x0000000019620000,0x0000000019720000)]
  0x000000001750b800 JavaThread "pool-1-thread-10" [_thread_blocked, id=9168, stack(0x0000000019520000,0x0000000019620000)]
  0x000000001750a800 JavaThread "pool-1-thread-9" [_thread_blocked, id=7720, stack(0x0000000019420000,0x0000000019520000)]
  0x000000001750a000 JavaThread "pool-1-thread-8" [_thread_in_native, id=8520, stack(0x0000000019320000,0x0000000019420000)]
  0x0000000017888800 JavaThread "pool-1-thread-7" [_thread_blocked, id=9176, stack(0x0000000019220000,0x0000000019320000)]
  0x0000000017886000 JavaThread "pool-1-thread-6" [_thread_blocked, id=6660, stack(0x0000000019120000,0x0000000019220000)]
  0x0000000017885000 JavaThread "pool-1-thread-5" [_thread_in_Java, id=8500, stack(0x0000000019020000,0x0000000019120000)]
  0x0000000017495000 JavaThread "pool-1-thread-4" [_thread_blocked, id=5720, stack(0x0000000018d20000,0x0000000018e20000)]
  0x0000000017398800 JavaThread "pool-1-thread-3" [_thread_blocked, id=8516, stack(0x0000000018c20000,0x0000000018d20000)]
  0x0000000016c3b000 JavaThread "pool-1-thread-2" [_thread_blocked, id=8568, stack(0x0000000018b20000,0x0000000018c20000)]
  0x0000000016ab5000 JavaThread "pool-1-thread-1" [_thread_blocked, id=8532, stack(0x0000000017050000,0x0000000017150000)]
  0x0000000016aa0000 JavaThread "com.google.common.base.internal.Finalizer" daemon [_thread_blocked, id=8016, stack(0x0000000016f50000,0x0000000017050000)]
  0x0000000016a30000 JavaThread "com.google.common.base.internal.Finalizer" daemon [_thread_blocked, id=8704, stack(0x0000000016e50000,0x0000000016f50000)]
  0x0000000016880800 JavaThread "Service Thread" daemon [_thread_blocked, id=8456, stack(0x0000000016c50000,0x0000000016d50000)]
  0x0000000014f39000 JavaThread "C1 CompilerThread2" daemon [_thread_blocked, id=6544, stack(0x0000000016750000,0x0000000016850000)]
=>0x0000000014f2b000 JavaThread "C2 CompilerThread1" daemon [_thread_in_native, id=8556, stack(0x0000000016650000,0x0000000016750000)]
  0x0000000014f28000 JavaThread "C2 CompilerThread0" daemon [_thread_in_native, id=8880, stack(0x0000000016550000,0x0000000016650000)]
  0x0000000014f26000 JavaThread "Attach Listener" daemon [_thread_blocked, id=8312, stack(0x0000000016450000,0x0000000016550000)]
  0x0000000014f25000 JavaThread "Signal Dispatcher" daemon [_thread_blocked, id=8224, stack(0x0000000016350000,0x0000000016450000)]
  0x00000000024dd000 JavaThread "Finalizer" daemon [_thread_blocked, id=8596, stack(0x0000000016170000,0x0000000016270000)]
  0x00000000024d1800 JavaThread "Reference Handler" daemon [_thread_blocked, id=8872, stack(0x0000000016070000,0x0000000016170000)]
  0x00000000023e2800 JavaThread "main" [_thread_blocked, id=5548, stack(0x0000000000b30000,0x0000000000c30000)]

Other Threads:
  0x0000000014ee6800 VMThread [stack: 0x0000000015f70000,0x0000000016070000] [id=5512]
  0x0000000014f7d800 WatcherThread [stack: 0x0000000016d50000,0x0000000016e50000] [id=1740]

VM state:not at safepoint (normal execution)

VM Mutex/Monitor currently owned by a thread: None

Heap:
 PSYoungGen      total 38400K, used 28177K [0x00000000eab00000, 0x00000000efb00000, 0x0000000100000000)
  eden space 33280K, 69% used [0x00000000eab00000,0x00000000ec187e18,0x00000000ecb80000)
  from space 5120K, 99% used [0x00000000ecb80000,0x00000000ed07c600,0x00000000ed080000)
  to   space 14336K, 0% used [0x00000000eed00000,0x00000000eed00000,0x00000000efb00000)
 ParOldGen       total 87552K, used 31791K [0x00000000c0000000, 0x00000000c5580000, 0x00000000eab00000)
  object space 87552K, 36% used [0x00000000c0000000,0x00000000c1f0bd58,0x00000000c5580000)
 Metaspace       used 16460K, capacity 16606K, committed 16768K, reserved 1064960K
  class space    used 1803K, capacity 1847K, committed 1920K, reserved 1048576K

Card table byte_map: [0x0000000011c10000,0x0000000011e20000] byte_map_base: 0x0000000011610000

Marking Bits: (ParMarkBitMap*) 0x0000000074303950
 Begin Bits: [0x0000000012380000, 0x0000000013380000)
 End Bits:   [0x0000000013380000, 0x0000000014380000)

Polling page: 0x0000000000c30000

CodeCache: size=245760Kb used=13627Kb max_used=13627Kb free=232132Kb
 bounds [0x0000000002850000, 0x00000000035d0000, 0x0000000011850000]
 total_blobs=4154 nmethods=3827 adapters=238
 compilation: enabled

Compilation events (10 events):
Event: 21.497 Thread 0x0000000014f39000 4508       2       com.adobe.flash.compiler.internal.as.codegen.CmcEmitter::action_385 (9 bytes)
Event: 21.497 Thread 0x0000000014f39000 nmethod 4508 0x0000000002afe610 code [0x0000000002afe760, 0x0000000002afe8d0]
Event: 21.497 Thread 0x0000000014f39000 4509       2       com.adobe.flash.compiler.internal.as.codegen.ABCGeneratingReducer::reduce_nullLiteral_to_constant_value (4 bytes)
Event: 21.497 Thread 0x0000000014f39000 nmethod 4509 0x0000000002afe2d0 code [0x0000000002afe420, 0x0000000002afe570]
Event: 21.516 Thread 0x0000000014f39000 4510       2       com.adobe.flash.compiler.internal.as.codegen.CmcEmitter$JBurgAnnotation_FunctionID_3::getNthChild (70 bytes)
Event: 21.516 Thread 0x0000000014f39000 nmethod 4510 0x0000000002e6bd90 code [0x0000000002e6bf40, 0x0000000002e6c378]
Event: 21.519 Thread 0x0000000014f39000 4511       2       com.adobe.flash.compiler.internal.as.codegen.CmcEmitter$JBurgAnnotation_SuperID_0::getCost (131 bytes)
Event: 21.520 Thread 0x0000000014f39000 nmethod 4511 0x0000000002e6b5d0 code [0x0000000002e6b780, 0x0000000002e6bb78]
Event: 21.525 Thread 0x0000000014f39000 4512       1       com.adobe.flash.compiler.internal.as.codegen.CmcEmitter$JBurgAnnotationGeneral::getNode (5 bytes)
Event: 21.525 Thread 0x0000000014f39000 nmethod 4512 0x0000000002e6b310 code [0x0000000002e6b460, 0x0000000002e6b570]

GC Heap History (10 events):
Event: 18.685 GC heap before
{Heap before GC invocations=5 (full 0):
 PSYoungGen      total 38400K, used 38378K [0x00000000eab00000, 0x00000000ed580000, 0x0000000100000000)
  eden space 33280K, 99% used [0x00000000eab00000,0x00000000ecb7af88,0x00000000ecb80000)
  from space 5120K, 99% used [0x00000000ed080000,0x00000000ed57fb68,0x00000000ed580000)
  to   space 5120K, 0% used [0x00000000ecb80000,0x00000000ecb80000,0x00000000ed080000)
 ParOldGen       total 87552K, used 20223K [0x00000000c0000000, 0x00000000c5580000, 0x00000000eab00000)
  object space 87552K, 23% used [0x00000000c0000000,0x00000000c13bfc40,0x00000000c5580000)
 Metaspace       used 15658K, capacity 15736K, committed 16000K, reserved 1062912K
  class space    used 1791K, capacity 1814K, committed 1920K, reserved 1048576K
Event: 18.708 GC heap after
Heap after GC invocations=5 (full 0):
 PSYoungGen      total 38400K, used 5119K [0x00000000eab00000, 0x00000000ed580000, 0x0000000100000000)
  eden space 33280K, 0% used [0x00000000eab00000,0x00000000eab00000,0x00000000ecb80000)
  from space 5120K, 99% used [0x00000000ecb80000,0x00000000ed07fdd8,0x00000000ed080000)
  to   space 5120K, 0% used [0x00000000ed080000,0x00000000ed080000,0x00000000ed580000)
 ParOldGen       total 87552K, used 23549K [0x00000000c0000000, 0x00000000c5580000, 0x00000000eab00000)
  object space 87552K, 26% used [0x00000000c0000000,0x00000000c16ff4b8,0x00000000c5580000)
 Metaspace       used 15658K, capacity 15736K, committed 16000K, reserved 1062912K
  class space    used 1791K, capacity 1814K, committed 1920K, reserved 1048576K
}
Event: 19.240 GC heap before
{Heap before GC invocations=6 (full 0):
 PSYoungGen      total 38400K, used 38399K [0x00000000eab00000, 0x00000000ed580000, 0x0000000100000000)
  eden space 33280K, 100% used [0x00000000eab00000,0x00000000ecb80000,0x00000000ecb80000)
  from space 5120K, 99% used [0x00000000ecb80000,0x00000000ed07fdd8,0x00000000ed080000)
  to   space 5120K, 0% used [0x00000000ed080000,0x00000000ed080000,0x00000000ed580000)
 ParOldGen       total 87552K, used 23549K [0x00000000c0000000, 0x00000000c5580000, 0x00000000eab00000)
  object space 87552K, 26% used [0x00000000c0000000,0x00000000c16ff4b8,0x00000000c5580000)
 Metaspace       used 15894K, capacity 15992K, committed 16256K, reserved 1062912K
  class space    used 1793K, capacity 1814K, committed 1920K, reserved 1048576K
Event: 19.267 GC heap after
Heap after GC invocations=6 (full 0):
 PSYoungGen      total 38400K, used 5118K [0x00000000eab00000, 0x00000000ed580000, 0x0000000100000000)
  eden space 33280K, 0% used [0x00000000eab00000,0x00000000eab00000,0x00000000ecb80000)
  from space 5120K, 99% used [0x00000000ed080000,0x00000000ed57fb68,0x00000000ed580000)
  to   space 5120K, 0% used [0x00000000ecb80000,0x00000000ecb80000,0x00000000ed080000)
 ParOldGen       total 87552K, used 26407K [0x00000000c0000000, 0x00000000c5580000, 0x00000000eab00000)
  object space 87552K, 30% used [0x00000000c0000000,0x00000000c19c9df8,0x00000000c5580000)
 Metaspace       used 15894K, capacity 15992K, committed 16256K, reserved 1062912K
  class space    used 1793K, capacity 1814K, committed 1920K, reserved 1048576K
}
Event: 19.860 GC heap before
{Heap before GC invocations=7 (full 0):
 PSYoungGen      total 38400K, used 38398K [0x00000000eab00000, 0x00000000ed580000, 0x0000000100000000)
  eden space 33280K, 100% used [0x00000000eab00000,0x00000000ecb80000,0x00000000ecb80000)
  from space 5120K, 99% used [0x00000000ed080000,0x00000000ed57fb68,0x00000000ed580000)
  to   space 5120K, 0% used [0x00000000ecb80000,0x00000000ecb80000,0x00000000ed080000)
 ParOldGen       total 87552K, used 26407K [0x00000000c0000000, 0x00000000c5580000, 0x00000000eab00000)
  object space 87552K, 30% used [0x00000000c0000000,0x00000000c19c9df8,0x00000000c5580000)
 Metaspace       used 16055K, capacity 16184K, committed 16512K, reserved 1064960K
  class space    used 1793K, capacity 1814K, committed 1920K, reserved 1048576K
Event: 19.927 GC heap after
Heap after GC invocations=7 (full 0):
 PSYoungGen      total 38400K, used 4791K [0x00000000eab00000, 0x00000000ed580000, 0x0000000100000000)
  eden space 33280K, 0% used [0x00000000eab00000,0x00000000eab00000,0x00000000ecb80000)
  from space 5120K, 93% used [0x00000000ecb80000,0x00000000ed02df58,0x00000000ed080000)
  to   space 5120K, 0% used [0x00000000ed080000,0x00000000ed080000,0x00000000ed580000)
 ParOldGen       total 87552K, used 29474K [0x00000000c0000000, 0x00000000c5580000, 0x00000000eab00000)
  object space 87552K, 33% used [0x00000000c0000000,0x00000000c1cc8a28,0x00000000c5580000)
 Metaspace       used 16055K, capacity 16184K, committed 16512K, reserved 1064960K
  class space    used 1793K, capacity 1814K, committed 1920K, reserved 1048576K
}
Event: 20.721 GC heap before
{Heap before GC invocations=8 (full 0):
 PSYoungGen      total 38400K, used 38071K [0x00000000eab00000, 0x00000000ed580000, 0x0000000100000000)
  eden space 33280K, 100% used [0x00000000eab00000,0x00000000ecb80000,0x00000000ecb80000)
  from space 5120K, 93% used [0x00000000ecb80000,0x00000000ed02df58,0x00000000ed080000)
  to   space 5120K, 0% used [0x00000000ed080000,0x00000000ed080000,0x00000000ed580000)
 ParOldGen       total 87552K, used 29474K [0x00000000c0000000, 0x00000000c5580000, 0x00000000eab00000)
  object space 87552K, 33% used [0x00000000c0000000,0x00000000c1cc8a28,0x00000000c5580000)
 Metaspace       used 16368K, capacity 16478K, committed 16768K, reserved 1064960K
  class space    used 1802K, capacity 1847K, committed 1920K, reserved 1048576K
Event: 20.744 GC heap after
Heap after GC invocations=8 (full 0):
 PSYoungGen      total 38400K, used 4915K [0x00000000eab00000, 0x00000000ed580000, 0x0000000100000000)
  eden space 33280K, 0% used [0x00000000eab00000,0x00000000eab00000,0x00000000ecb80000)
  from space 5120K, 96% used [0x00000000ed080000,0x00000000ed54cf70,0x00000000ed580000)
  to   space 5120K, 0% used [0x00000000ecb80000,0x00000000ecb80000,0x00000000ed080000)
 ParOldGen       total 87552K, used 30974K [0x00000000c0000000, 0x00000000c5580000, 0x00000000eab00000)
  object space 87552K, 35% used [0x00000000c0000000,0x00000000c1e3fb88,0x00000000c5580000)
 Metaspace       used 16368K, capacity 16478K, committed 16768K, reserved 1064960K
  class space    used 1802K, capacity 1847K, committed 1920K, reserved 1048576K
}
Event: 21.209 GC heap before
{Heap before GC invocations=9 (full 0):
 PSYoungGen      total 38400K, used 38195K [0x00000000eab00000, 0x00000000ed580000, 0x0000000100000000)
  eden space 33280K, 100% used [0x00000000eab00000,0x00000000ecb80000,0x00000000ecb80000)
  from space 5120K, 96% used [0x00000000ed080000,0x00000000ed54cf70,0x00000000ed580000)
  to   space 5120K, 0% used [0x00000000ecb80000,0x00000000ecb80000,0x00000000ed080000)
 ParOldGen       total 87552K, used 30974K [0x00000000c0000000, 0x00000000c5580000, 0x00000000eab00000)
  object space 87552K, 35% used [0x00000000c0000000,0x00000000c1e3fb88,0x00000000c5580000)
 Metaspace       used 16434K, capacity 16542K, committed 16768K, reserved 1064960K
  class space    used 1803K, capacity 1847K, committed 1920K, reserved 1048576K
Event: 21.272 GC heap after
Heap after GC invocations=9 (full 0):
 PSYoungGen      total 38400K, used 5105K [0x00000000eab00000, 0x00000000efb00000, 0x0000000100000000)
  eden space 33280K, 0% used [0x00000000eab00000,0x00000000eab00000,0x00000000ecb80000)
  from space 5120K, 99% used [0x00000000ecb80000,0x00000000ed07c600,0x00000000ed080000)
  to   space 14336K, 0% used [0x00000000eed00000,0x00000000eed00000,0x00000000efb00000)
 ParOldGen       total 87552K, used 31791K [0x00000000c0000000, 0x00000000c5580000, 0x00000000eab00000)
  object space 87552K, 36% used [0x00000000c0000000,0x00000000c1f0bd58,0x00000000c5580000)
 Metaspace       used 16434K, capacity 16542K, committed 16768K, reserved 1064960K
  class space    used 1803K, capacity 1847K, committed 1920K, reserved 1048576K
}

Deoptimization events (10 events):
Event: 20.446 Thread 0x0000000017509000 Uncommon trap: reason=unstable_if action=reinterpret pc=0x0000000002dc4f44 method=sun.nio.cs.UTF_8$Decoder.decode([BII[C)I @ 30
Event: 20.446 Thread 0x0000000017509000 Uncommon trap: reason=unstable_if action=reinterpret pc=0x0000000002ecb57c method=java.lang.StringCoding.safeTrim([CILjava/nio/charset/Charset;Z)[C @ 3
Event: 20.791 Thread 0x000000001750a000 Uncommon trap: reason=unstable_if action=reinterpret pc=0x0000000003296f44 method=com.adobe.flash.compiler.internal.tree.as.NodeBase.getASScope()Lcom/adobe/flash/compiler/internal/scopes/ASScope; @ 118
Event: 20.791 Thread 0x000000001750a000 Uncommon trap: reason=unstable_if action=reinterpret pc=0x0000000003199da4 method=com.adobe.flash.compiler.internal.tree.as.NodeBase.getASScope()Lcom/adobe/flash/compiler/internal/scopes/ASScope; @ 118
Event: 20.791 Thread 0x000000001750a000 Uncommon trap: reason=unstable_if action=reinterpret pc=0x0000000003053388 method=com.adobe.flash.compiler.internal.tree.as.NodeBase.getASScope()Lcom/adobe/flash/compiler/internal/scopes/ASScope; @ 118
Event: 20.791 Thread 0x000000001750a000 Uncommon trap: reason=unstable_if action=reinterpret pc=0x0000000002c080dc method=com.adobe.flash.compiler.internal.tree.as.ExpressionNodeBase.getDependencyType()Lcom/adobe/flash/compiler/common/DependencyType; @ 58
Event: 21.075 Thread 0x00000000023e2800 Uncommon trap: reason=unstable_if action=reinterpret pc=0x0000000002f195a8 method=com.adobe.flash.compiler.internal.parsing.as.BaseRepairingTokenBuffer.LT(I)Lcom/adobe/flash/compiler/internal/parsing/as/ASToken; @ 4
Event: 21.434 Thread 0x000000001750a800 Uncommon trap: reason=null_check action=make_not_entrant pc=0x0000000002b1f144 method=com.adobe.flash.compiler.internal.scopes.SmallDefinitionStore8.getDefinitionSetByName(Ljava/lang/String;)Lcom/adobe/flash/compiler/scopes/IDefinitionSet; @ 104
Event: 21.439 Thread 0x0000000017509000 Uncommon trap: reason=unstable_if action=reinterpret pc=0x00000000032c2050 method=com.adobe.flash.compiler.internal.semantics.SemanticUtils.transformNameToConstantValue(Lcom/adobe/flash/compiler/tree/as/IASNode;Lcom/adobe/flash/compiler/projects/ICompiler
Event: 21.440 Thread 0x0000000017509000 Uncommon trap: reason=unstable_if action=reinterpret pc=0x00000000032c4854 method=com.adobe.flash.compiler.internal.definitions.DefinitionBase.resolveType(Lcom/adobe/flash/compiler/internal/definitions/DefinitionBase;Lcom/adobe/flash/compiler/definitions/

Classes redefined (0 events):
No events

Internal exceptions (10 events):
Event: 16.757 Thread 0x0000000016c3b000 Implicit null exception at 0x0000000002cb4c37 to 0x0000000002cb537d
Event: 17.198 Thread 0x0000000017508800 Implicit null exception at 0x0000000002ed5c17 to 0x0000000002ed606d
Event: 17.389 Thread 0x0000000016c3b000 Implicit null exception at 0x000000000304d317 to 0x000000000304fc2d
Event: 18.169 Thread 0x0000000017df8800 Implicit null exception at 0x000000000325e6e5 to 0x000000000325e77d
Event: 18.173 Thread 0x0000000017508800 Implicit null exception at 0x000000000328ddb8 to 0x000000000328de51
Event: 18.233 Thread 0x0000000017508800 Implicit null exception at 0x0000000002c74923 to 0x0000000002c74b51
Event: 18.234 Thread 0x0000000017508800 Implicit null exception at 0x0000000002ce3555 to 0x0000000002ce3779
Event: 18.248 Thread 0x0000000017508800 Implicit null exception at 0x0000000002a4286f to 0x0000000002a428d9
Event: 20.006 Thread 0x00000000023e2800 Implicit null exception at 0x00000000034fb7b9 to 0x00000000034fdd05
Event: 20.398 Thread 0x00000000023e2800 Implicit null exception at 0x0000000002e81ed1 to 0x0000000002e81fd9

Events (10 events):
Event: 21.295 Executing VM operation: RevokeBias done
Event: 21.434 Thread 0x000000001750a800 Uncommon trap: trap_request=0xfffffff4 fr.pc=0x0000000002b1f144
Event: 21.434 Thread 0x000000001750a800 DEOPT PACKING pc=0x0000000002b1f144 sp=0x000000001951d060
Event: 21.434 Thread 0x000000001750a800 DEOPT UNPACKING pc=0x000000000289556a sp=0x000000001951d000 mode 2
Event: 21.439 Thread 0x0000000017509000 Uncommon trap: trap_request=0xffffff65 fr.pc=0x00000000032c2050
Event: 21.439 Thread 0x0000000017509000 DEOPT PACKING pc=0x00000000032c2050 sp=0x000000001981cd10
Event: 21.439 Thread 0x0000000017509000 DEOPT UNPACKING pc=0x000000000289556a sp=0x000000001981cb20 mode 2
Event: 21.440 Thread 0x0000000017509000 Uncommon trap: trap_request=0xffffff65 fr.pc=0x00000000032c4854
Event: 21.440 Thread 0x0000000017509000 DEOPT PACKING pc=0x00000000032c4854 sp=0x000000001981cbf0
Event: 21.440 Thread 0x0000000017509000 DEOPT UNPACKING pc=0x000000000289556a sp=0x000000001981cb80 mode 2


Dynamic libraries:
0x000007f71fb80000 - 0x000007f71fbb1000 	A:\Program Files\JetBrains\IntelliJ IDEA 2017.2.5\jre64\bin\java.exe
0x000007ffa0cb0000 - 0x000007ffa0e6e000 	C:\Windows\SYSTEM32\ntdll.dll
0x000007ff9e710000 - 0x000007ff9e847000 	C:\Windows\system32\KERNEL32.DLL
0x000007ff9dcf0000 - 0x000007ff9dde4000 	C:\Windows\system32\KERNELBASE.dll
0x000007ff9e4a0000 - 0x000007ff9e57e000 	C:\Windows\system32\ADVAPI32.dll
0x000007ff9e280000 - 0x000007ff9e3cc000 	C:\Windows\system32\USER32.dll
0x000007ff9bc00000 - 0x000007ff9be6a000 	C:\Windows\WinSxS\amd64_microsoft.windows.common-controls_6595b64144ccf1df_6.0.9200.16579_none_418ab7ef718b27ef\COMCTL32.dll
0x000007ff9e3e0000 - 0x000007ff9e485000 	C:\Windows\system32\msvcrt.dll
0x000007ff9ecf0000 - 0x000007ff9ed38000 	C:\Windows\SYSTEM32\sechost.dll
0x000007ff9f170000 - 0x000007ff9f2b5000 	C:\Windows\system32\RPCRT4.dll
0x000007ff9f2c0000 - 0x000007ff9f401000 	C:\Windows\system32\GDI32.dll
0x000007ff9e630000 - 0x000007ff9e669000 	C:\Windows\system32\IMM32.DLL
0x000007ff9ea00000 - 0x000007ff9eb16000 	C:\Windows\system32\MSCTF.dll
0x0000000073a60000 - 0x0000000073b32000 	A:\Program Files\JetBrains\IntelliJ IDEA 2017.2.5\jre64\bin\msvcr100.dll
0x0000000073b40000 - 0x000000007437e000 	A:\Program Files\JetBrains\IntelliJ IDEA 2017.2.5\jre64\bin\server\jvm.dll
0x000007ff97020000 - 0x000007ff97029000 	C:\Windows\SYSTEM32\WSOCK32.dll
0x000007ff968c0000 - 0x000007ff968e0000 	C:\Windows\SYSTEM32\WINMM.dll
0x000007ff9b0b0000 - 0x000007ff9b0b9000 	C:\Windows\SYSTEM32\VERSION.dll
0x000007ff9f720000 - 0x000007ff9f727000 	C:\Windows\system32\PSAPI.DLL
0x000007ff9f960000 - 0x000007ff9f9b8000 	C:\Windows\system32\WS2_32.dll
0x000007ff964c0000 - 0x000007ff964f3000 	C:\Windows\SYSTEM32\WINMMBASE.dll
0x000007ff9e490000 - 0x000007ff9e499000 	C:\Windows\system32\NSI.dll
0x000007ff9dbf0000 - 0x000007ff9dc3f000 	C:\Windows\SYSTEM32\cfgmgr32.dll
0x000007ff9de70000 - 0x000007ff9de92000 	C:\Windows\system32\DEVOBJ.dll
0x000007ff97010000 - 0x000007ff9701f000 	A:\Program Files\JetBrains\IntelliJ IDEA 2017.2.5\jre64\bin\verify.dll
0x000007ff96a00000 - 0x000007ff96a29000 	A:\Program Files\JetBrains\IntelliJ IDEA 2017.2.5\jre64\bin\java.dll
0x000007ff969d0000 - 0x000007ff969e6000 	A:\Program Files\JetBrains\IntelliJ IDEA 2017.2.5\jre64\bin\zip.dll
0x000007ff9f9c0000 - 0x000007ffa0ca2000 	C:\Windows\system32\SHELL32.dll
0x000007ff9e850000 - 0x000007ff9ea00000 	C:\Windows\SYSTEM32\combase.dll
0x000007ff9eb30000 - 0x000007ff9eb80000 	C:\Windows\system32\SHLWAPI.dll
0x000007ff9c270000 - 0x000007ff9c306000 	C:\Windows\SYSTEM32\SHCORE.dll
0x000007ff9dbb0000 - 0x000007ff9dbc5000 	C:\Windows\system32\profapi.dll

VM Arguments:
jvm_args: -Dapplication.home=A:\Dropbox\SDK\Flex 4.6 + Air18 -Xmx384m -Dsun.io.useCanonCaches=false -Dfile.encoding=UTF-8 -Djava.awt.headless=true -Duser.language=en -Duser.region=en -Xmx1024m 
java_command: com.adobe.flash.compiler.clients.MXMLC -load-config=C:\Users\SenCheR\.IntelliJIdea2017.2\system\compile-server\test_7df36d8\_temp_\IntelliJ_IDEA\idea-BB115BA0-183C55A2-Test_Chances.xml -define=CONFIG::debug,false -define=CONFIG::performanceInstrumentation,false -swf-version=25
java_class_path (initial): A:\Dropbox\SDK\Flex 4.6 + Air18\lib\compiler.jar
Launcher Type: SUN_STANDARD

Environment Variables:
JAVA_HOME=c:\Program Files\Java\jdk1.8.0_111\jre
PATH=C:\ProgramData\Oracle\Java\javapath;C:\Program Files (x86)\AMD APP\bin\x86_64;C:\Program Files (x86)\AMD APP\bin\x86;C:\Program Files (x86)\Common Files\Intel\Shared Files\cpp\bin\Intel64;C:\Windows\system32;C:\Windows;C:\Windows\System32\Wbem;C:\Windows\System32\WindowsPowerShell\v1.0\;C:\Program Files (x86)\Common Files\Acronis\SnapAPI\;C:\Program Files (x86)\ATI Technologies\ATI.ACE\Core-Static;c:\Dropbox\SDK\Lua 5.31\;C:\Program Files (x86)\Microsoft SQL Server\100\Tools\Binn\;C:\Program Files (x86)\Microsoft SQL Server\100\DTS\Binn\;C:\Program Files (x86)\Common Files\Acronis\VirtualFile\;C:\Program Files (x86)\Common Files\Acronis\VirtualFile64\;A:\Program Files (x86)\Acronis\CommandLineTool\;C:\Program Files (x86)\NVIDIA Corporation\PhysX\Common;A:\Program Files (x86)\Livestreamer;A:\Program Files (x86)\HaXe 3.3\haxe\;A:\Program Files (x86)\HaXe 3.3\neko;A:\Program Files\nodejs\;C:\Program Files (x86)\Go1.7\bin;a:\Projects\Ant\apache-ant-1.9.7\bin;c:\Program Files\Java\jdk1.8.0_111\bin;C:\Program Files (x86)\GtkSharp\2.12\bin;C:\Program Files (x86)\GnuWin32\bin;A:\Program Files (x86)\Windows Kits\8.1\Windows Performance Toolkit\;C:\Program Files\Git\cmd;C:\Users\SenCheR\AppData\Roaming\npm
USERNAME=SenCheR
OS=Windows_NT
PROCESSOR_IDENTIFIER=Intel64 Family 6 Model 58 Stepping 9, GenuineIntel



---------------  S Y S T E M  ---------------

OS: Windows 8 , 64 bit Build 9200 (6.2.9200.16859)

CPU:total 4 (initial active 4) (2 cores per cpu, 2 threads per core) family 6 model 58 stepping 9, cmov, cx8, fxsr, mmx, sse, sse2, sse3, ssse3, sse4.1, sse4.2, popcnt, avx, clmul, erms, ht, tsc, tscinvbit, tscinv

Memory: 4k page, physical 8312788k(455000k free), swap 13432788k(6244k free)

vm_info: OpenJDK 64-Bit Server VM (25.152-b12) for windows-amd64 JRE (1.8.0_152-release-915-b12), built on Aug 30 2017 16:24:18 by "builduser" with MS VC++ 10.0 (VS2010)

time: Wed Aug 28 07:16:16 2019
elapsed time: 21 seconds (0d 0h 0m 21s)

