#
# There is insufficient memory for the Java Runtime Environment to continue.
# Native memory allocation (malloc) failed to allocate 915296 bytes for Chunk::new
# Possible reasons:
#   The system is out of physical RAM or swap space
#   In 32 bit mode, the process size limit was hit
# Possible solutions:
#   Reduce memory load on the system
#   Increase physical memory or swap space
#   Check if swap backing store is full
#   Use 64 bit Java on a 64 bit OS
#   Decrease Java heap size (-Xmx/-Xms)
#   Decrease number of Java threads
#   Decrease Java thread stack sizes (-Xss)
#   Set larger code cache with -XX:ReservedCodeCacheSize=
# This output file may be truncated or incomplete.
#
#  Out of Memory Error (allocation.cpp:390), pid=8688, tid=0x0000000000001620
#
# JRE version: OpenJDK Runtime Environment (8.0_152-b12) (build 1.8.0_152-release-915-b12)
# Java VM: OpenJDK 64-Bit Server VM (25.152-b12 mixed mode windows-amd64 compressed oops)
# Failed to write core dump. Minidumps are not enabled by default on client versions of Windows
#

---------------  T H R E A D  ---------------

Current thread (0x0000000015161800):  JavaThread "C2 CompilerThread0" daemon [_thread_in_native, id=5664, stack(0x0000000016780000,0x0000000016880000)]

Stack: [0x0000000016780000,0x0000000016880000]
[error occurred during error reporting (printing stack bounds), id 0xc0000005]

Native frames: (J=compiled Java code, j=interpreted, Vv=VM code, C=native code)


Current CompileTask:
C2:   9295 4600       4       com.adobe.flash.compiler.internal.scopes.ASScope::findProperty (75 bytes)


---------------  P R O C E S S  ---------------

Java Threads: ( => current thread )
  0x00000000180d3800 JavaThread "pool-1-thread-16" [_thread_blocked, id=5324, stack(0x0000000019d50000,0x0000000019e50000)]
  0x00000000180d7800 JavaThread "pool-1-thread-15" [_thread_blocked, id=8696, stack(0x0000000019c50000,0x0000000019d50000)]
  0x00000000180d9000 JavaThread "pool-1-thread-14" [_thread_blocked, id=5720, stack(0x0000000019b50000,0x0000000019c50000)]
  0x00000000180d6000 JavaThread "pool-1-thread-13" [_thread_blocked, id=8556, stack(0x0000000019a50000,0x0000000019b50000)]
  0x00000000180d5000 JavaThread "pool-1-thread-12" [_thread_blocked, id=8208, stack(0x0000000019950000,0x0000000019a50000)]
  0x00000000180d4800 JavaThread "pool-1-thread-11" [_thread_blocked, id=8200, stack(0x0000000019850000,0x0000000019950000)]
  0x00000000180d3000 JavaThread "pool-1-thread-10" [_thread_blocked, id=9144, stack(0x0000000019750000,0x0000000019850000)]
  0x00000000180d6800 JavaThread "pool-1-thread-8" [_thread_blocked, id=5128, stack(0x0000000019650000,0x0000000019750000)]
  0x00000000180d9800 JavaThread "pool-1-thread-9" [_thread_blocked, id=8948, stack(0x0000000019550000,0x0000000019650000)]
  0x0000000017b7b800 JavaThread "pool-1-thread-7" [_thread_blocked, id=8312, stack(0x0000000019450000,0x0000000019550000)]
  0x0000000017b78800 JavaThread "pool-1-thread-6" [_thread_blocked, id=8520, stack(0x0000000019350000,0x0000000019450000)]
  0x0000000017b78000 JavaThread "pool-1-thread-5" [_thread_in_Java, id=5248, stack(0x0000000019250000,0x0000000019350000)]
  0x0000000017cf8800 JavaThread "pool-1-thread-4" [_thread_blocked, id=8472, stack(0x0000000018f50000,0x0000000019050000)]
  0x0000000017873800 JavaThread "pool-1-thread-3" [_thread_blocked, id=6876, stack(0x0000000018e50000,0x0000000018f50000)]
  0x000000001761d000 JavaThread "pool-1-thread-2" [_thread_blocked, id=8560, stack(0x0000000018d50000,0x0000000018e50000)]
  0x0000000016cdc000 JavaThread "pool-1-thread-1" [_thread_blocked, id=9176, stack(0x0000000017280000,0x0000000017380000)]
  0x0000000016c84000 JavaThread "com.google.common.base.internal.Finalizer" daemon [_thread_blocked, id=6356, stack(0x0000000017180000,0x0000000017280000)]
  0x0000000016c77800 JavaThread "com.google.common.base.internal.Finalizer" daemon [_thread_blocked, id=8384, stack(0x0000000017080000,0x0000000017180000)]
  0x0000000016ab8800 JavaThread "Service Thread" daemon [_thread_blocked, id=7172, stack(0x0000000016e80000,0x0000000016f80000)]
  0x0000000015168000 JavaThread "C1 CompilerThread2" daemon [_thread_blocked, id=8216, stack(0x0000000016980000,0x0000000016a80000)]
  0x0000000015164800 JavaThread "C2 CompilerThread1" daemon [_thread_in_native, id=8464, stack(0x0000000016880000,0x0000000016980000)]
=>0x0000000015161800 JavaThread "C2 CompilerThread0" daemon [_thread_in_native, id=5664, stack(0x0000000016780000,0x0000000016880000)]
  0x0000000015157000 JavaThread "Attach Listener" daemon [_thread_blocked, id=5900, stack(0x0000000016680000,0x0000000016780000)]
  0x0000000015156000 JavaThread "Signal Dispatcher" daemon [_thread_blocked, id=6780, stack(0x0000000016580000,0x0000000016680000)]
  0x0000000015138800 JavaThread "Finalizer" daemon [_thread_blocked, id=9160, stack(0x00000000163a0000,0x00000000164a0000)]
  0x0000000002a73000 JavaThread "Reference Handler" daemon [_thread_blocked, id=6448, stack(0x00000000162a0000,0x00000000163a0000)]
  0x0000000002982800 JavaThread "main" [_thread_in_native, id=8944, stack(0x00000000025a0000,0x00000000026a0000)]

Other Threads:
  0x0000000015117800 VMThread [stack: 0x00000000161a0000,0x00000000162a0000] [id=5480]
  0x00000000151ae000 WatcherThread [stack: 0x0000000016f80000,0x0000000017080000] [id=9036]

VM state:not at safepoint (normal execution)

VM Mutex/Monitor currently owned by a thread: None

Heap:
 PSYoungGen      total 146432K, used 112044K [0x00000000eab00000, 0x00000000f4700000, 0x0000000100000000)
  eden space 133120K, 77% used [0x00000000eab00000,0x00000000f0fcc260,0x00000000f2d00000)
  from space 13312K, 66% used [0x00000000f3a00000,0x00000000f429f140,0x00000000f4700000)
  to   space 13312K, 0% used [0x00000000f2d00000,0x00000000f2d00000,0x00000000f3a00000)
 ParOldGen       total 87552K, used 25622K [0x00000000c0000000, 0x00000000c5580000, 0x00000000eab00000)
  object space 87552K, 29% used [0x00000000c0000000,0x00000000c1905950,0x00000000c5580000)
 Metaspace       used 16535K, capacity 16670K, committed 16768K, reserved 1064960K
  class space    used 1805K, capacity 1847K, committed 1920K, reserved 1048576K

Card table byte_map: [0x0000000011e40000,0x0000000012050000] byte_map_base: 0x0000000011840000

Marking Bits: (ParMarkBitMap*) 0x0000000074303950
 Begin Bits: [0x00000000125b0000, 0x00000000135b0000)
 End Bits:   [0x00000000135b0000, 0x00000000145b0000)

Polling page: 0x0000000000db0000

CodeCache: size=245760Kb used=14236Kb max_used=14254Kb free=231523Kb
 bounds [0x0000000002a80000, 0x0000000003890000, 0x0000000011a80000]
 total_blobs=4301 nmethods=3973 adapters=238
 compilation: enabled

Compilation events (10 events):
Event: 9.106 Thread 0x0000000015168000 4633       2       com.adobe.flash.compiler.internal.definitions.DefinitionBase::resolveType (83 bytes)
Event: 9.106 Thread 0x0000000015168000 nmethod 4633 0x0000000003333010 code [0x00000000033331a0, 0x0000000003333478]
Event: 9.112 Thread 0x0000000015168000 4634       2       com.adobe.flash.compiler.internal.definitions.DefinitionBase::resolveType (16 bytes)
Event: 9.112 Thread 0x0000000015168000 nmethod 4634 0x000000000333b110 code [0x000000000333b280, 0x000000000333b438]
Event: 9.114 Thread 0x0000000015168000 4635       2       com.adobe.flash.compiler.internal.as.codegen.CmcEmitter$JBurgAnnotation_Op_IsID_2::getCost (148 bytes)
Event: 9.114 Thread 0x0000000015168000 nmethod 4635 0x0000000003307390 code [0x0000000003307560, 0x0000000003307a28]
Event: 9.123 Thread 0x0000000015168000 4636       1       com.adobe.flash.compiler.internal.tree.as.BinaryOperatorEqualNode::getNodeID (4 bytes)
Event: 9.123 Thread 0x0000000015168000 nmethod 4636 0x0000000003053110 code [0x0000000003053260, 0x0000000003053370]
Event: 9.124 Thread 0x0000000015168000 4637       2       com.adobe.flash.compiler.internal.definitions.InterfaceDefinition::getInterfaceNamespaceSet (9 bytes)
Event: 9.124 Thread 0x0000000015168000 nmethod 4637 0x000000000346c550 code [0x000000000346c6c0, 0x000000000346c848]

GC Heap History (10 events):
Event: 3.613 GC heap before
{Heap before GC invocations=2 (full 0):
 PSYoungGen      total 38400K, used 38369K [0x00000000eab00000, 0x00000000ed580000, 0x0000000100000000)
  eden space 33280K, 100% used [0x00000000eab00000,0x00000000ecb80000,0x00000000ecb80000)
  from space 5120K, 99% used [0x00000000ecb80000,0x00000000ed078628,0x00000000ed080000)
  to   space 5120K, 0% used [0x00000000ed080000,0x00000000ed080000,0x00000000ed580000)
 ParOldGen       total 87552K, used 2246K [0x00000000c0000000, 0x00000000c5580000, 0x00000000eab00000)
  object space 87552K, 2% used [0x00000000c0000000,0x00000000c0231ac0,0x00000000c5580000)
 Metaspace       used 10465K, capacity 10552K, committed 10880K, reserved 1058816K
  class space    used 1275K, capacity 1302K, committed 1408K, reserved 1048576K
Event: 3.630 GC heap after
Heap after GC invocations=2 (full 0):
 PSYoungGen      total 38400K, used 5097K [0x00000000eab00000, 0x00000000ed580000, 0x0000000100000000)
  eden space 33280K, 0% used [0x00000000eab00000,0x00000000eab00000,0x00000000ecb80000)
  from space 5120K, 99% used [0x00000000ed080000,0x00000000ed57a610,0x00000000ed580000)
  to   space 5120K, 0% used [0x00000000ecb80000,0x00000000ecb80000,0x00000000ed080000)
 ParOldGen       total 87552K, used 8104K [0x00000000c0000000, 0x00000000c5580000, 0x00000000eab00000)
  object space 87552K, 9% used [0x00000000c0000000,0x00000000c07ea0e0,0x00000000c5580000)
 Metaspace       used 10465K, capacity 10552K, committed 10880K, reserved 1058816K
  class space    used 1275K, capacity 1302K, committed 1408K, reserved 1048576K
}
Event: 4.792 GC heap before
{Heap before GC invocations=3 (full 0):
 PSYoungGen      total 38400K, used 38377K [0x00000000eab00000, 0x00000000ed580000, 0x0000000100000000)
  eden space 33280K, 100% used [0x00000000eab00000,0x00000000ecb80000,0x00000000ecb80000)
  from space 5120K, 99% used [0x00000000ed080000,0x00000000ed57a610,0x00000000ed580000)
  to   space 5120K, 0% used [0x00000000ecb80000,0x00000000ecb80000,0x00000000ed080000)
 ParOldGen       total 87552K, used 8104K [0x00000000c0000000, 0x00000000c5580000, 0x00000000eab00000)
  object space 87552K, 9% used [0x00000000c0000000,0x00000000c07ea0e0,0x00000000c5580000)
 Metaspace       used 13977K, capacity 14104K, committed 14336K, reserved 1062912K
  class space    used 1704K, capacity 1718K, committed 1792K, reserved 1048576K
Event: 4.827 GC heap after
Heap after GC invocations=3 (full 0):
 PSYoungGen      total 38400K, used 5104K [0x00000000eab00000, 0x00000000ef600000, 0x0000000100000000)
  eden space 33280K, 0% used [0x00000000eab00000,0x00000000eab00000,0x00000000ecb80000)
  from space 5120K, 99% used [0x00000000ecb80000,0x00000000ed07c0e0,0x00000000ed080000)
  to   space 5120K, 0% used [0x00000000ef100000,0x00000000ef100000,0x00000000ef600000)
 ParOldGen       total 87552K, used 15886K [0x00000000c0000000, 0x00000000c5580000, 0x00000000eab00000)
  object space 87552K, 18% used [0x00000000c0000000,0x00000000c0f83b50,0x00000000c5580000)
 Metaspace       used 13977K, capacity 14104K, committed 14336K, reserved 1062912K
  class space    used 1704K, capacity 1718K, committed 1792K, reserved 1048576K
}
Event: 5.712 GC heap before
{Heap before GC invocations=4 (full 0):
 PSYoungGen      total 38400K, used 38384K [0x00000000eab00000, 0x00000000ef600000, 0x0000000100000000)
  eden space 33280K, 100% used [0x00000000eab00000,0x00000000ecb80000,0x00000000ecb80000)
  from space 5120K, 99% used [0x00000000ecb80000,0x00000000ed07c0e0,0x00000000ed080000)
  to   space 5120K, 0% used [0x00000000ef100000,0x00000000ef100000,0x00000000ef600000)
 ParOldGen       total 87552K, used 15886K [0x00000000c0000000, 0x00000000c5580000, 0x00000000eab00000)
  object space 87552K, 18% used [0x00000000c0000000,0x00000000c0f83b50,0x00000000c5580000)
 Metaspace       used 15167K, capacity 15288K, committed 15488K, reserved 1062912K
  class space    used 1780K, capacity 1814K, committed 1920K, reserved 1048576K
Event: 5.752 GC heap after
Heap after GC invocations=4 (full 0):
 PSYoungGen      total 71680K, used 5097K [0x00000000eab00000, 0x00000000ef600000, 0x0000000100000000)
  eden space 66560K, 0% used [0x00000000eab00000,0x00000000eab00000,0x00000000eec00000)
  from space 5120K, 99% used [0x00000000ef100000,0x00000000ef5fa5e0,0x00000000ef600000)
  to   space 5120K, 0% used [0x00000000eec00000,0x00000000eec00000,0x00000000ef100000)
 ParOldGen       total 87552K, used 20549K [0x00000000c0000000, 0x00000000c5580000, 0x00000000eab00000)
  object space 87552K, 23% used [0x00000000c0000000,0x00000000c14116f8,0x00000000c5580000)
 Metaspace       used 15167K, capacity 15288K, committed 15488K, reserved 1062912K
  class space    used 1780K, capacity 1814K, committed 1920K, reserved 1048576K
}
Event: 7.066 GC heap before
{Heap before GC invocations=5 (full 0):
 PSYoungGen      total 71680K, used 71657K [0x00000000eab00000, 0x00000000ef600000, 0x0000000100000000)
  eden space 66560K, 100% used [0x00000000eab00000,0x00000000eec00000,0x00000000eec00000)
  from space 5120K, 99% used [0x00000000ef100000,0x00000000ef5fa5e0,0x00000000ef600000)
  to   space 5120K, 0% used [0x00000000eec00000,0x00000000eec00000,0x00000000ef100000)
 ParOldGen       total 87552K, used 20549K [0x00000000c0000000, 0x00000000c5580000, 0x00000000eab00000)
  object space 87552K, 23% used [0x00000000c0000000,0x00000000c14116f8,0x00000000c5580000)
 Metaspace       used 15965K, capacity 16088K, committed 16256K, reserved 1062912K
  class space    used 1795K, capacity 1846K, committed 1920K, reserved 1048576K
Event: 7.093 GC heap after
Heap after GC invocations=5 (full 0):
 PSYoungGen      total 71680K, used 5113K [0x00000000eab00000, 0x00000000f4700000, 0x0000000100000000)
  eden space 66560K, 0% used [0x00000000eab00000,0x00000000eab00000,0x00000000eec00000)
  from space 5120K, 99% used [0x00000000eec00000,0x00000000ef0fe5f0,0x00000000ef100000)
  to   space 13312K, 0% used [0x00000000f3a00000,0x00000000f3a00000,0x00000000f4700000)
 ParOldGen       total 87552K, used 25622K [0x00000000c0000000, 0x00000000c5580000, 0x00000000eab00000)
  object space 87552K, 29% used [0x00000000c0000000,0x00000000c1905950,0x00000000c5580000)
 Metaspace       used 15965K, capacity 16088K, committed 16256K, reserved 1062912K
  class space    used 1795K, capacity 1846K, committed 1920K, reserved 1048576K
}
Event: 8.007 GC heap before
{Heap before GC invocations=6 (full 0):
 PSYoungGen      total 71680K, used 71673K [0x00000000eab00000, 0x00000000f4700000, 0x0000000100000000)
  eden space 66560K, 100% used [0x00000000eab00000,0x00000000eec00000,0x00000000eec00000)
  from space 5120K, 99% used [0x00000000eec00000,0x00000000ef0fe5f0,0x00000000ef100000)
  to   space 13312K, 0% used [0x00000000f3a00000,0x00000000f3a00000,0x00000000f4700000)
 ParOldGen       total 87552K, used 25622K [0x00000000c0000000, 0x00000000c5580000, 0x00000000eab00000)
  object space 87552K, 29% used [0x00000000c0000000,0x00000000c1905950,0x00000000c5580000)
 Metaspace       used 16355K, capacity 16536K, committed 16768K, reserved 1064960K
  class space    used 1803K, capacity 1846K, committed 1920K, reserved 1048576K
Event: 8.038 GC heap after
Heap after GC invocations=6 (full 0):
 PSYoungGen      total 146432K, used 8828K [0x00000000eab00000, 0x00000000f4700000, 0x0000000100000000)
  eden space 133120K, 0% used [0x00000000eab00000,0x00000000eab00000,0x00000000f2d00000)
  from space 13312K, 66% used [0x00000000f3a00000,0x00000000f429f140,0x00000000f4700000)
  to   space 13312K, 0% used [0x00000000f2d00000,0x00000000f2d00000,0x00000000f3a00000)
 ParOldGen       total 87552K, used 25622K [0x00000000c0000000, 0x00000000c5580000, 0x00000000eab00000)
  object space 87552K, 29% used [0x00000000c0000000,0x00000000c1905950,0x00000000c5580000)
 Metaspace       used 16355K, capacity 16536K, committed 16768K, reserved 1064960K
  class space    used 1803K, capacity 1846K, committed 1920K, reserved 1048576K
}

Deoptimization events (10 events):
Event: 8.279 Thread 0x0000000017b78000 Uncommon trap: reason=unstable_if action=reinterpret pc=0x00000000036dd13c method=java.lang.StringCoding.safeTrim([CILjava/nio/charset/Charset;Z)[C @ 3
Event: 8.478 Thread 0x00000000180d6000 Uncommon trap: reason=bimorphic action=maybe_recompile pc=0x00000000032cffb0 method=java.util.HashMap.putVal(ILjava/lang/Object;Ljava/lang/Object;ZZ)Ljava/lang/Object; @ 203
Event: 8.489 Thread 0x00000000180d4800 Uncommon trap: reason=bimorphic action=maybe_recompile pc=0x00000000032cffb0 method=java.util.HashMap.putVal(ILjava/lang/Object;Ljava/lang/Object;ZZ)Ljava/lang/Object; @ 203
Event: 8.736 Thread 0x0000000017873800 Uncommon trap: reason=class_check action=maybe_recompile pc=0x000000000353f02c method=com.adobe.flash.compiler.internal.scopes.ASScope.findProperty(Lcom/adobe/flash/compiler/projects/ICompilerProject;Ljava/lang/String;Lcom/adobe/flash/compiler/common/Depe
Event: 8.909 Thread 0x0000000017873800 Uncommon trap: reason=class_check action=maybe_recompile pc=0x000000000353f02c method=com.adobe.flash.compiler.internal.scopes.ASScope.findProperty(Lcom/adobe/flash/compiler/projects/ICompilerProject;Ljava/lang/String;Lcom/adobe/flash/compiler/common/Depe
Event: 8.926 Thread 0x00000000180d6000 Uncommon trap: reason=unloaded action=reinterpret pc=0x0000000003876058 method=com.adobe.flash.compiler.internal.as.codegen.CmcEmitter.getJBurgAnnotation(Lcom/adobe/flash/compiler/tree/as/IASNode;)Lcom/adobe/flash/compiler/internal/as/codegen/CmcEmitter$J
Event: 9.035 Thread 0x00000000180d6000 Uncommon trap: reason=class_check action=maybe_recompile pc=0x000000000382f9e0 method=com.adobe.flash.compiler.internal.as.codegen.CmcEmitter$JBurgAnnotation_FunctionCallID_2_n.getCostForRule_4157aa53(I)I @ 142
Event: 9.035 Thread 0x00000000180d6000 Uncommon trap: reason=class_check action=maybe_recompile pc=0x000000000382f9e0 method=com.adobe.flash.compiler.internal.as.codegen.CmcEmitter$JBurgAnnotation_FunctionCallID_2_n.getCostForRule_4157aa53(I)I @ 142
Event: 9.101 Thread 0x0000000017b78000 Uncommon trap: reason=unstable_if action=reinterpret pc=0x0000000003683098 method=com.adobe.flash.compiler.internal.definitions.DefinitionBase.resolveType(Lcom/adobe/flash/compiler/internal/definitions/DefinitionBase;Lcom/adobe/flash/compiler/definitions/
Event: 9.101 Thread 0x0000000017b78000 Uncommon trap: reason=unstable_if action=reinterpret pc=0x0000000002d59814 method=com.adobe.flash.compiler.internal.definitions.DefinitionBase.resolveType(Lcom/adobe/flash/compiler/internal/definitions/DefinitionBase;Lcom/adobe/flash/compiler/definitions/

Classes redefined (0 events):
No events

Internal exceptions (10 events):
Event: 0.915 Thread 0x0000000002982800 Exception <a 'java/security/PrivilegedActionException'> (0x00000000eb9a2918) thrown at [C:\BuildAgent\work\d332137835c821ac\hotspot\src\share\vm\prims\jvm.cpp, line 1390]
Event: 1.315 Thread 0x0000000002982800 Implicit null exception at 0x0000000002e04021 to 0x0000000002e049b9
Event: 4.382 Thread 0x000000001761d000 Implicit null exception at 0x0000000003113912 to 0x0000000003113d0d
Event: 4.920 Thread 0x00000000180d9800 Implicit null exception at 0x0000000002f16d3a to 0x0000000002f17319
Event: 4.924 Thread 0x00000000180d9800 Implicit null exception at 0x00000000032281ce to 0x0000000003229999
Event: 5.124 Thread 0x00000000180d3800 Implicit null exception at 0x000000000312f217 to 0x000000000312f66d
Event: 5.753 Thread 0x0000000017cf8800 Implicit null exception at 0x0000000003487d61 to 0x0000000003488435
Event: 5.888 Thread 0x00000000180d3800 Implicit null exception at 0x0000000002ec4fa3 to 0x0000000002ec51c1
Event: 7.419 Thread 0x0000000017b7b800 Implicit null exception at 0x000000000344ffb8 to 0x0000000003450051
Event: 7.892 Thread 0x0000000017b78800 Implicit null exception at 0x000000000356c3c2 to 0x000000000356c955

Events (10 events):
Event: 9.035 Thread 0x00000000180d6000 DEOPT PACKING pc=0x000000000382f9e0 sp=0x0000000019b4deb0
Event: 9.035 Thread 0x00000000180d6000 DEOPT UNPACKING pc=0x0000000002ac556a sp=0x0000000019b4ddf8 mode 2
Event: 9.101 Thread 0x0000000017b78000 Uncommon trap: trap_request=0xffffff65 fr.pc=0x0000000003683098
Event: 9.101 Thread 0x0000000017b78000 DEOPT PACKING pc=0x0000000003683098 sp=0x000000001934dff0
Event: 9.101 Thread 0x0000000017b78000 DEOPT UNPACKING pc=0x0000000002ac556a sp=0x000000001934dea8 mode 2
Event: 9.101 Thread 0x0000000017b78000 Uncommon trap: trap_request=0xffffff65 fr.pc=0x0000000002d59814
Event: 9.101 Thread 0x0000000017b78000 DEOPT PACKING pc=0x0000000002d59814 sp=0x000000001934df10
Event: 9.101 Thread 0x0000000017b78000 DEOPT UNPACKING pc=0x0000000002ac556a sp=0x000000001934dea0 mode 2
Event: 9.163 Thread 0x00000000180d3000 DEOPT PACKING pc=0x00000000031c9300 sp=0x000000001984edb0
Event: 9.163 Thread 0x00000000180d3000 DEOPT UNPACKING pc=0x0000000002ac75bf sp=0x000000001984eae8 mode 0


Dynamic libraries:
0x000007f71fb80000 - 0x000007f71fbb1000 	A:\Program Files\JetBrains\IntelliJ IDEA 2017.2.5\jre64\bin\java.exe
0x000007ffa0cb0000 - 0x000007ffa0e6e000 	C:\Windows\SYSTEM32\ntdll.dll
0x000007ff9e710000 - 0x000007ff9e847000 	C:\Windows\system32\KERNEL32.DLL
0x000007ff9dcf0000 - 0x000007ff9dde4000 	C:\Windows\system32\KERNELBASE.dll
0x000007ff9e4a0000 - 0x000007ff9e57e000 	C:\Windows\system32\ADVAPI32.dll
0x000007ff9e280000 - 0x000007ff9e3cc000 	C:\Windows\system32\USER32.dll
0x000007ff9bc00000 - 0x000007ff9be6a000 	C:\Windows\WinSxS\amd64_microsoft.windows.common-controls_6595b64144ccf1df_6.0.9200.16579_none_418ab7ef718b27ef\COMCTL32.dll
0x000007ff9e3e0000 - 0x000007ff9e485000 	C:\Windows\system32\msvcrt.dll
0x000007ff9ecf0000 - 0x000007ff9ed38000 	C:\Windows\SYSTEM32\sechost.dll
0x000007ff9f170000 - 0x000007ff9f2b5000 	C:\Windows\system32\RPCRT4.dll
0x000007ff9f2c0000 - 0x000007ff9f401000 	C:\Windows\system32\GDI32.dll
0x000007ff9e630000 - 0x000007ff9e669000 	C:\Windows\system32\IMM32.DLL
0x000007ff9ea00000 - 0x000007ff9eb16000 	C:\Windows\system32\MSCTF.dll
0x0000000073a60000 - 0x0000000073b32000 	A:\Program Files\JetBrains\IntelliJ IDEA 2017.2.5\jre64\bin\msvcr100.dll
0x0000000073b40000 - 0x000000007437e000 	A:\Program Files\JetBrains\IntelliJ IDEA 2017.2.5\jre64\bin\server\jvm.dll
0x000007ff97020000 - 0x000007ff97029000 	C:\Windows\SYSTEM32\WSOCK32.dll
0x000007ff968c0000 - 0x000007ff968e0000 	C:\Windows\SYSTEM32\WINMM.dll
0x000007ff9b0b0000 - 0x000007ff9b0b9000 	C:\Windows\SYSTEM32\VERSION.dll
0x000007ff9f720000 - 0x000007ff9f727000 	C:\Windows\system32\PSAPI.DLL
0x000007ff9f960000 - 0x000007ff9f9b8000 	C:\Windows\system32\WS2_32.dll
0x000007ff964c0000 - 0x000007ff964f3000 	C:\Windows\SYSTEM32\WINMMBASE.dll
0x000007ff9e490000 - 0x000007ff9e499000 	C:\Windows\system32\NSI.dll
0x000007ff9dbf0000 - 0x000007ff9dc3f000 	C:\Windows\SYSTEM32\cfgmgr32.dll
0x000007ff9de70000 - 0x000007ff9de92000 	C:\Windows\system32\DEVOBJ.dll
0x000007ff97010000 - 0x000007ff9701f000 	A:\Program Files\JetBrains\IntelliJ IDEA 2017.2.5\jre64\bin\verify.dll
0x000007ff96a00000 - 0x000007ff96a29000 	A:\Program Files\JetBrains\IntelliJ IDEA 2017.2.5\jre64\bin\java.dll
0x000007ff969d0000 - 0x000007ff969e6000 	A:\Program Files\JetBrains\IntelliJ IDEA 2017.2.5\jre64\bin\zip.dll
0x000007ff9f9c0000 - 0x000007ffa0ca2000 	C:\Windows\system32\SHELL32.dll
0x000007ff9e850000 - 0x000007ff9ea00000 	C:\Windows\SYSTEM32\combase.dll
0x000007ff9eb30000 - 0x000007ff9eb80000 	C:\Windows\system32\SHLWAPI.dll
0x000007ff9c270000 - 0x000007ff9c306000 	C:\Windows\SYSTEM32\SHCORE.dll
0x000007ff9dbb0000 - 0x000007ff9dbc5000 	C:\Windows\system32\profapi.dll

VM Arguments:
jvm_args: -Dapplication.home=A:\Dropbox\SDK\Flex 4.6 + Air18 -Xmx384m -Dsun.io.useCanonCaches=false -Dfile.encoding=UTF-8 -Djava.awt.headless=true -Duser.language=en -Duser.region=en -Xmx1024m 
java_command: com.adobe.flash.compiler.clients.MXMLC -load-config=C:\Users\SenCheR\.IntelliJIdea2017.2\system\compile-server\test_7df36d8\_temp_\IntelliJ_IDEA\idea-BB115BA0-183C55A2-Test_Chances_Math.xml -define=CONFIG::debug,false -define=CONFIG::performanceInstrumentation,false -swf-version=25
java_class_path (initial): A:\Dropbox\SDK\Flex 4.6 + Air18\lib\compiler.jar
Launcher Type: SUN_STANDARD

Environment Variables:
JAVA_HOME=c:\Program Files\Java\jdk1.8.0_111\jre
PATH=C:\ProgramData\Oracle\Java\javapath;C:\Program Files (x86)\AMD APP\bin\x86_64;C:\Program Files (x86)\AMD APP\bin\x86;C:\Program Files (x86)\Common Files\Intel\Shared Files\cpp\bin\Intel64;C:\Windows\system32;C:\Windows;C:\Windows\System32\Wbem;C:\Windows\System32\WindowsPowerShell\v1.0\;C:\Program Files (x86)\Common Files\Acronis\SnapAPI\;C:\Program Files (x86)\ATI Technologies\ATI.ACE\Core-Static;c:\Dropbox\SDK\Lua 5.31\;C:\Program Files (x86)\Microsoft SQL Server\100\Tools\Binn\;C:\Program Files (x86)\Microsoft SQL Server\100\DTS\Binn\;C:\Program Files (x86)\Common Files\Acronis\VirtualFile\;C:\Program Files (x86)\Common Files\Acronis\VirtualFile64\;A:\Program Files (x86)\Acronis\CommandLineTool\;C:\Program Files (x86)\NVIDIA Corporation\PhysX\Common;A:\Program Files (x86)\Livestreamer;A:\Program Files (x86)\HaXe 3.3\haxe\;A:\Program Files (x86)\HaXe 3.3\neko;A:\Program Files\nodejs\;C:\Program Files (x86)\Go1.7\bin;a:\Projects\Ant\apache-ant-1.9.7\bin;c:\Program Files\Java\jdk1.8.0_111\bin;C:\Program Files (x86)\GtkSharp\2.12\bin;C:\Program Files (x86)\GnuWin32\bin;A:\Program Files (x86)\Windows Kits\8.1\Windows Performance Toolkit\;C:\Program Files\Git\cmd;C:\Users\SenCheR\AppData\Roaming\npm
USERNAME=SenCheR
OS=Windows_NT
PROCESSOR_IDENTIFIER=Intel64 Family 6 Model 58 Stepping 9, GenuineIntel



---------------  S Y S T E M  ---------------

OS: Windows 8 , 64 bit Build 9200 (6.2.9200.16859)

CPU:total 4 (initial active 4) (2 cores per cpu, 2 threads per core) family 6 model 58 stepping 9, cmov, cx8, fxsr, mmx, sse, sse2, sse3, ssse3, sse4.1, sse4.2, popcnt, avx, clmul, erms, ht, tsc, tscinvbit, tscinv

Memory: 4k page, physical 8312788k(443612k free), swap 13432788k(10884k free)

vm_info: OpenJDK 64-Bit Server VM (25.152-b12) for windows-amd64 JRE (1.8.0_152-release-915-b12), built on Aug 30 2017 16:24:18 by "builduser" with MS VC++ 10.0 (VS2010)

time: Wed Aug 28 07:03:08 2019
elapsed time: 9 seconds (0d 0h 0m 9s)

