%!Adobe-FontList 1.16
%Locale:0x419

%BeginFont
Handler:DirectoryHandler
FontType:Invalid
OutlineFileName:D:\Work\tooltips\FLA_experiments\embedfonts\Font\BrushScript.fla
FileModTime:1516292655
%EndFont

%BeginFont
Handler:DirectoryHandler
FontType:Invalid
OutlineFileName:D:\Work\tooltips\FLA_experiments\embedfonts\Font\BrushScript.swf
FileModTime:1303730842
%EndFont

%BeginFont
Handler:DirectoryHandler
FontType:Invalid
OutlineFileName:D:\Work\tooltips\FLA_experiments\embedfonts\Font\font_to_swf.fla
FileModTime:1516292659
%EndFont

%BeginFont
Handler:DirectoryHandler
FontType:Invalid
OutlineFileName:D:\Work\tooltips\FLA_experiments\embedfonts\Font\font_to_swf.swf
FileModTime:1516291128
%EndFont

